 
========================================== 
Pipeline started at 15-03-2026  4.11.04.42 
========================================== 
[1/4] Running ETL (JSON to Postgres)... 
Traceback (most recent call last):
  File "d:\Languages\projects\icc_mens_t20_wc_winnig_prediction\etl.py", line 21, in <module>
    import pandas as pd
  File "C:\Users\misel\AppData\Local\Programs\Python\Python313\Lib\site-packages\pandas\__init__.py", line 61, in <module>
    from pandas.core.api import (
    ...<62 lines>...
    )
  File "C:\Users\misel\AppData\Local\Programs\Python\Python313\Lib\site-packages\pandas\core\api.py", line 47, in <module>
    from pandas.core.groupby import (
    ...<2 lines>...
    )
  File "C:\Users\misel\AppData\Local\Programs\Python\Python313\Lib\site-packages\pandas\core\groupby\__init__.py", line 1, in <module>
    from pandas.core.groupby.generic import (
    ...<3 lines>...
    )
  File "C:\Users\misel\AppData\Local\Programs\Python\Python313\Lib\site-packages\pandas\core\groupby\generic.py", line 69, in <module>
    from pandas.core.groupby import (
    ...<2 lines>...
    )
  File "C:\Users\misel\AppData\Local\Programs\Python\Python313\Lib\site-packages\pandas\core\groupby\ops.py", line 25, in <module>
    import pandas._libs.groupby as libgroupby
ImportError: DLL load failed while importing groupby: The paging file is too small for this operation to complete.
[2/4] Matching player names... 
